=== FINAL FIX TEST: mer. 01 avril 2026 00:31:36 CEST ===
[3744] (12:34:14 AM) [ROUTE-1] routeModMenu called: tab=film_subs type=media
[3744] (12:34:14 AM) [ROUTE-2] About to call csRenderFilmSubsTab
[3744] (12:34:14 AM) [FILM-1] csRenderFilmSubsTab: entered
[3744] (12:34:14 AM) [FILM-2] Studio count: 12
[3744] (12:34:14 AM) [FILM-3] Studios sorted OK.
[3744] (12:34:14 AM) [FILM-4] Sort UI built. Building 12 cards...
[3744] (12:34:14 AM) [FILM-5] Building card 0 for: Sony Pictures Gaming id=MS_3 shares=100 val=17999283
[3744] (12:34:14 AM) [FILM-5b] Card 0 built OK.
[3744] (12:34:14 AM) [FILM-5] Building card 1 for: Paramount Interactive id=MS_0 shares=0 val=54721234
[3744] (12:34:14 AM) [FILM-5b] Card 1 built OK.
[3744] (12:34:14 AM) [FILM-5] Building card 2 for: Warner Bros. Digital id=MS_2 shares=0 val=56818405
[3744] (12:34:14 AM) [FILM-5b] Card 2 built OK.
[3744] (12:34:14 AM) [FILM-5] Building card 3 for: A24 Interactive id=MS_6 shares=0 val=71465158
[3744] (12:34:14 AM) [FILM-5b] Card 3 built OK.
[3744] (12:34:14 AM) [FILM-5] Building card 4 for: Disney Interactive Reborn id=MS_4 shares=0 val=51880895
[3744] (12:34:14 AM) [FILM-5b] Card 4 built OK.
[3744] (12:34:14 AM) [FILM-5] Building card 5 for: Lionsgate Games id=MS_5 shares=0 val=43306824
[3744] (12:34:14 AM) [FILM-5b] Card 5 built OK.
[3744] (12:34:14 AM) [FILM-5] Building card 6 for: Blumhouse Interactive id=MS_11 shares=0 val=46562741
[3744] (12:34:14 AM) [FILM-5b] Card 6 built OK.
[3744] (12:34:14 AM) [FILM-5] Building card 7 for: Netflix Films & Games id=MS_7 shares=0 val=55223260
[3744] (12:34:14 AM) [FILM-5b] Card 7 built OK.
[3744] (12:34:14 AM) [FILM-5] Building card 8 for: Apple TV+ Studios id=MS_8 shares=0 val=86240352
[3744] (12:34:14 AM) [FILM-5b] Card 8 built OK.
[3744] (12:34:14 AM) [FILM-5] Building card 9 for: MGM Digital id=MS_9 shares=0 val=62343087
[3744] (12:34:14 AM) [FILM-5b] Card 9 built OK.
[3744] (12:34:14 AM) [FILM-5] Building card 10 for: Legendary Games id=MS_10 shares=0 val=81683480
[3744] (12:34:14 AM) [FILM-5b] Card 10 built OK.
[3744] (12:34:14 AM) [FILM-5] Building card 11 for: Universal Pixels id=MS_1 shares=0 val=52029568
[3744] (12:34:14 AM) [FILM-5b] Card 11 built OK.
[3744] (12:34:14 AM) [FILM-6] All cards built. Appending to container.
[3744] (12:34:14 AM) [FILM-7] csRenderFilmSubsTab returning.
[3744] (12:34:14 AM) [ROUTE-3] csRenderFilmSubsTab completed OK.
[3744] (12:34:14 AM) [ROUTE-4] Tab rendered. Deferring animations to next tick...
[3744] (12:34:14 AM) [ROUTE-9] routeModMenu returning.
[3744] (12:34:15 AM) [ROUTE-1] routeModMenu called: tab=catalogue_negotiation type=media
[3744] (12:34:15 AM) [ROUTE-4] Tab rendered. Deferring animations to next tick...
[3744] (12:34:15 AM) [ROUTE-9] routeModMenu returning.
[3744] (12:34:16 AM) csAutoRouteMediaCatalog: Transferred 1 titles from Sony Pictures Gaming to Grid library.
[3744] (12:34:16 AM) Catalogue deal signed with Sony Pictures Gaming
[3744] (12:34:19 AM) [ROUTE-1] routeModMenu called: tab=film_subs type=media
[3744] (12:34:19 AM) [ROUTE-2] About to call csRenderFilmSubsTab
[3744] (12:34:19 AM) [FILM-1] csRenderFilmSubsTab: entered
[3744] (12:34:19 AM) [FILM-2] Studio count: 12
[3744] (12:34:19 AM) [FILM-3] Studios sorted OK.
[3744] (12:34:19 AM) [FILM-4] Sort UI built. Building 12 cards...
[3744] (12:34:19 AM) [FILM-5] Building card 0 for: Sony Pictures Gaming id=MS_3 shares=100 val=17999283
[3744] (12:34:19 AM) [FILM-5b] Card 0 built OK.
[3744] (12:34:19 AM) [FILM-5] Building card 1 for: Universal Pixels id=MS_1 shares=0 val=52029568
[3744] (12:34:19 AM) [FILM-5b] Card 1 built OK.
[3744] (12:34:19 AM) [FILM-5] Building card 2 for: Warner Bros. Digital id=MS_2 shares=0 val=56818405
[3744] (12:34:19 AM) [FILM-5b] Card 2 built OK.
[3744] (12:34:19 AM) [FILM-5] Building card 3 for: A24 Interactive id=MS_6 shares=0 val=71465158
[3744] (12:34:19 AM) [FILM-5b] Card 3 built OK.
[3744] (12:34:19 AM) [FILM-5] Building card 4 for: Disney Interactive Reborn id=MS_4 shares=0 val=51880895
[3744] (12:34:19 AM) [FILM-5b] Card 4 built OK.
[3744] (12:34:19 AM) [FILM-5] Building card 5 for: Lionsgate Games id=MS_5 shares=0 val=43306824
[3744] (12:34:19 AM) [FILM-5b] Card 5 built OK.
[3744] (12:34:19 AM) [FILM-5] Building card 6 for: Paramount Interactive id=MS_0 shares=0 val=54721234
[3744] (12:34:19 AM) [FILM-5b] Card 6 built OK.
[3744] (12:34:19 AM) [FILM-5] Building card 7 for: Netflix Films & Games id=MS_7 shares=0 val=55223260
[3744] (12:34:19 AM) [FILM-5b] Card 7 built OK.
[3744] (12:34:19 AM) [FILM-5] Building card 8 for: Apple TV+ Studios id=MS_8 shares=0 val=86240352
[3744] (12:34:19 AM) [FILM-5b] Card 8 built OK.
[3744] (12:34:19 AM) [FILM-5] Building card 9 for: MGM Digital id=MS_9 shares=0 val=62343087
[3744] (12:34:19 AM) [FILM-5b] Card 9 built OK.
[3744] (12:34:19 AM) [FILM-5] Building card 10 for: Legendary Games id=MS_10 shares=0 val=81683480
[3744] (12:34:19 AM) [FILM-5b] Card 10 built OK.
[3744] (12:34:19 AM) [FILM-5] Building card 11 for: Blumhouse Interactive id=MS_11 shares=0 val=46562741
[3744] (12:34:19 AM) [FILM-5b] Card 11 built OK.
[3744] (12:34:19 AM) [FILM-6] All cards built. Appending to container.
[3744] (12:34:19 AM) [FILM-7] csRenderFilmSubsTab returning.
[3744] (12:34:19 AM) [ROUTE-3] csRenderFilmSubsTab completed OK.
[3744] (12:34:19 AM) [ROUTE-4] Tab rendered. Deferring animations to next tick...
[3744] (12:34:19 AM) [ROUTE-9] routeModMenu returning.
[3744] (12:34:21 AM) [ROUTE-1] routeModMenu called: tab=media type=media
[3744] (12:34:21 AM) [ROUTE-4] Tab rendered. Deferring animations to next tick...
[3744] (12:34:21 AM) [ROUTE-9] routeModMenu returning.
[3744] (12:34:23 AM) [ROUTE-1] routeModMenu called: tab=grid_dashboard type=media
[3744] (12:34:23 AM) [ROUTE-4] Tab rendered. Deferring animations to next tick...
[3744] (12:34:23 AM) [ROUTE-9] routeModMenu returning.
[3745] (12:34:29 AM) csProcessMediaStudios: Tick release for A24 Interactive - Title: A24 Interactive Feature, PlayerFunded: false
[3745] (12:34:34 AM) [ROUTE-1] routeModMenu called: tab=film_subs type=media
[3745] (12:34:34 AM) [ROUTE-2] About to call csRenderFilmSubsTab
[3745] (12:34:34 AM) [FILM-1] csRenderFilmSubsTab: entered
[3745] (12:34:34 AM) [FILM-2] Studio count: 12
[3745] (12:34:34 AM) [FILM-3] Studios sorted OK.
[3745] (12:34:34 AM) [FILM-4] Sort UI built. Building 12 cards...
[3745] (12:34:34 AM) [FILM-5] Building card 0 for: Sony Pictures Gaming id=MS_3 shares=100 val=17999283
[3745] (12:34:34 AM) [FILM-5b] Card 0 built OK.
[3745] (12:34:34 AM) [FILM-5] Building card 1 for: Blumhouse Interactive id=MS_11 shares=0 val=46562741
[3745] (12:34:34 AM) [FILM-5b] Card 1 built OK.
[3745] (12:34:34 AM) [FILM-5] Building card 2 for: Warner Bros. Digital id=MS_2 shares=0 val=56818405
[3745] (12:34:34 AM) [FILM-5b] Card 2 built OK.
[3745] (12:34:34 AM) [FILM-5] Building card 3 for: A24 Interactive id=MS_6 shares=0 val=71822483
[3745] (12:34:34 AM) [FILM-5b] Card 3 built OK.
[3745] (12:34:34 AM) [FILM-5] Building card 4 for: Disney Interactive Reborn id=MS_4 shares=0 val=51880895
[3745] (12:34:34 AM) [FILM-5b] Card 4 built OK.
[3745] (12:34:34 AM) [FILM-5] Building card 5 for: Lionsgate Games id=MS_5 shares=0 val=43306824
[3745] (12:34:34 AM) [FILM-5b] Card 5 built OK.
[3745] (12:34:34 AM) [FILM-5] Building card 6 for: Universal Pixels id=MS_1 shares=0 val=52029568
[3745] (12:34:34 AM) [FILM-5b] Card 6 built OK.
[3745] (12:34:34 AM) [FILM-5] Building card 7 for: Netflix Films & Games id=MS_7 shares=0 val=55223260
[3745] (12:34:34 AM) [FILM-5b] Card 7 built OK.
[3745] (12:34:34 AM) [FILM-5] Building card 8 for: Apple TV+ Studios id=MS_8 shares=0 val=86240352
[3745] (12:34:34 AM) [FILM-5b] Card 8 built OK.
[3745] (12:34:34 AM) [FILM-5] Building card 9 for: MGM Digital id=MS_9 shares=0 val=62343087
[3745] (12:34:34 AM) [FILM-5b] Card 9 built OK.
[3745] (12:34:34 AM) [FILM-5] Building card 10 for: Legendary Games id=MS_10 shares=0 val=81683480
[3745] (12:34:34 AM) [FILM-5b] Card 10 built OK.
[3745] (12:34:34 AM) [FILM-5] Building card 11 for: Paramount Interactive id=MS_0 shares=0 val=54721234
[3745] (12:34:34 AM) [FILM-5b] Card 11 built OK.
[3745] (12:34:34 AM) [FILM-6] All cards built. Appending to container.
[3745] (12:34:34 AM) [FILM-7] csRenderFilmSubsTab returning.
[3745] (12:34:34 AM) [ROUTE-3] csRenderFilmSubsTab completed OK.
[3745] (12:34:34 AM) [ROUTE-4] Tab rendered. Deferring animations to next tick...
[3745] (12:34:34 AM) [ROUTE-9] routeModMenu returning.
[3745] (12:34:35 AM) [ROUTE-1] routeModMenu called: tab=grid_dashboard type=media
[3745] (12:34:35 AM) [ROUTE-4] Tab rendered. Deferring animations to next tick...
[3745] (12:34:35 AM) [ROUTE-9] routeModMenu returning.
[3745] (12:34:38 AM) [ROUTE-1] routeModMenu called: tab=film_subs type=media
[3745] (12:34:38 AM) [ROUTE-2] About to call csRenderFilmSubsTab
[3745] (12:34:38 AM) [FILM-1] csRenderFilmSubsTab: entered
[3745] (12:34:38 AM) [FILM-2] Studio count: 12
[3745] (12:34:38 AM) [FILM-3] Studios sorted OK.
[3745] (12:34:38 AM) [FILM-4] Sort UI built. Building 12 cards...
[3745] (12:34:38 AM) [FILM-5] Building card 0 for: Sony Pictures Gaming id=MS_3 shares=100 val=17999283
[3745] (12:34:38 AM) [FILM-5b] Card 0 built OK.
[3745] (12:34:38 AM) [FILM-5] Building card 1 for: Paramount Interactive id=MS_0 shares=0 val=54721234
[3745] (12:34:38 AM) [FILM-5b] Card 1 built OK.
[3745] (12:34:38 AM) [FILM-5] Building card 2 for: Warner Bros. Digital id=MS_2 shares=0 val=56818405
[3745] (12:34:38 AM) [FILM-5b] Card 2 built OK.
[3745] (12:34:38 AM) [FILM-5] Building card 3 for: A24 Interactive id=MS_6 shares=0 val=71822483
[3745] (12:34:38 AM) [FILM-5b] Card 3 built OK.
[3745] (12:34:38 AM) [FILM-5] Building card 4 for: Disney Interactive Reborn id=MS_4 shares=0 val=51880895
[3745] (12:34:38 AM) [FILM-5b] Card 4 built OK.
[3745] (12:34:38 AM) [FILM-5] Building card 5 for: Lionsgate Games id=MS_5 shares=0 val=43306824
[3745] (12:34:38 AM) [FILM-5b] Card 5 built OK.
[3745] (12:34:38 AM) [FILM-5] Building card 6 for: Blumhouse Interactive id=MS_11 shares=0 val=46562741
[3745] (12:34:38 AM) [FILM-5b] Card 6 built OK.
[3745] (12:34:38 AM) [FILM-5] Building card 7 for: Netflix Films & Games id=MS_7 shares=0 val=55223260
[3745] (12:34:38 AM) [FILM-5b] Card 7 built OK.
[3745] (12:34:38 AM) [FILM-5] Building card 8 for: Apple TV+ Studios id=MS_8 shares=0 val=86240352
[3745] (12:34:38 AM) [FILM-5b] Card 8 built OK.
[3745] (12:34:38 AM) [FILM-5] Building card 9 for: MGM Digital id=MS_9 shares=0 val=62343087
[3745] (12:34:38 AM) [FILM-5b] Card 9 built OK.
[3745] (12:34:38 AM) [FILM-5] Building card 10 for: Legendary Games id=MS_10 shares=0 val=81683480
[3745] (12:34:38 AM) [FILM-5b] Card 10 built OK.
[3745] (12:34:38 AM) [FILM-5] Building card 11 for: Universal Pixels id=MS_1 shares=0 val=52029568
[3745] (12:34:38 AM) [FILM-5b] Card 11 built OK.
[3745] (12:34:38 AM) [FILM-6] All cards built. Appending to container.
[3745] (12:34:38 AM) [FILM-7] csRenderFilmSubsTab returning.
[3745] (12:34:38 AM) [ROUTE-3] csRenderFilmSubsTab completed OK.
[3745] (12:34:38 AM) [ROUTE-4] Tab rendered. Deferring animations to next tick...
[3745] (12:34:38 AM) [ROUTE-9] routeModMenu returning.
[3745] (12:34:44 AM) [ROUTE-1] routeModMenu called: tab=catalogue_negotiation type=media
[3745] (12:34:44 AM) [ROUTE-4] Tab rendered. Deferring animations to next tick...
[3745] (12:34:44 AM) [ROUTE-9] routeModMenu returning.
[3745] (12:34:45 AM) Catalogue deal signed with Sony Pictures Gaming
[3745] (12:34:46 AM) [ROUTE-1] routeModMenu called: tab=film_subs type=media
[3745] (12:34:46 AM) [ROUTE-2] About to call csRenderFilmSubsTab
[3745] (12:34:46 AM) [FILM-1] csRenderFilmSubsTab: entered
[3745] (12:34:46 AM) [FILM-2] Studio count: 12
[3745] (12:34:46 AM) [FILM-3] Studios sorted OK.
[3745] (12:34:46 AM) [FILM-4] Sort UI built. Building 12 cards...
[3745] (12:34:46 AM) [FILM-5] Building card 0 for: Sony Pictures Gaming id=MS_3 shares=100 val=17999283
[3745] (12:34:46 AM) [FILM-5b] Card 0 built OK.
[3745] (12:34:46 AM) [FILM-5] Building card 1 for: Universal Pixels id=MS_1 shares=0 val=52029568
[3745] (12:34:46 AM) [FILM-5b] Card 1 built OK.
[3745] (12:34:46 AM) [FILM-5] Building card 2 for: Warner Bros. Digital id=MS_2 shares=0 val=56818405
[3745] (12:34:46 AM) [FILM-5b] Card 2 built OK.
[3745] (12:34:46 AM) [FILM-5] Building card 3 for: A24 Interactive id=MS_6 shares=0 val=71822483
[3745] (12:34:46 AM) [FILM-5b] Card 3 built OK.
[3745] (12:34:46 AM) [FILM-5] Building card 4 for: Disney Interactive Reborn id=MS_4 shares=0 val=51880895
[3745] (12:34:46 AM) [FILM-5b] Card 4 built OK.
[3745] (12:34:46 AM) [FILM-5] Building card 5 for: Lionsgate Games id=MS_5 shares=0 val=43306824
[3745] (12:34:46 AM) [FILM-5b] Card 5 built OK.
[3745] (12:34:46 AM) [FILM-5] Building card 6 for: Paramount Interactive id=MS_0 shares=0 val=54721234
[3745] (12:34:46 AM) [FILM-5b] Card 6 built OK.
[3745] (12:34:46 AM) [FILM-5] Building card 7 for: Netflix Films & Games id=MS_7 shares=0 val=55223260
[3745] (12:34:46 AM) [FILM-5b] Card 7 built OK.
[3745] (12:34:46 AM) [FILM-5] Building card 8 for: Apple TV+ Studios id=MS_8 shares=0 val=86240352
[3745] (12:34:46 AM) [FILM-5b] Card 8 built OK.
[3745] (12:34:46 AM) [FILM-5] Building card 9 for: MGM Digital id=MS_9 shares=0 val=62343087
[3745] (12:34:46 AM) [FILM-5b] Card 9 built OK.
[3745] (12:34:46 AM) [FILM-5] Building card 10 for: Legendary Games id=MS_10 shares=0 val=81683480
[3745] (12:34:46 AM) [FILM-5b] Card 10 built OK.
[3745] (12:34:46 AM) [FILM-5] Building card 11 for: Blumhouse Interactive id=MS_11 shares=0 val=46562741
[3745] (12:34:46 AM) [FILM-5b] Card 11 built OK.
[3745] (12:34:46 AM) [FILM-6] All cards built. Appending to container.
[3745] (12:34:46 AM) [FILM-7] csRenderFilmSubsTab returning.
[3745] (12:34:46 AM) [ROUTE-3] csRenderFilmSubsTab completed OK.
[3745] (12:34:46 AM) [ROUTE-4] Tab rendered. Deferring animations to next tick...
[3745] (12:34:46 AM) [ROUTE-9] routeModMenu returning.
[3745] (12:34:48 AM) [ROUTE-1] routeModMenu called: tab=catalogue_negotiation type=media
[3745] (12:34:48 AM) [ROUTE-4] Tab rendered. Deferring animations to next tick...
[3745] (12:34:48 AM) [ROUTE-9] routeModMenu returning.
[3745] (12:34:51 AM) Catalogue deal signed with Universal Pixels
[3745] (12:35:31 AM) [ROUTE-1] routeModMenu called: tab=market type=studios
[3745] (12:35:31 AM) [ROUTE-4] Tab rendered. Deferring animations to next tick...
[3745] (12:35:31 AM) [ROUTE-9] routeModMenu returning.
[3745] (12:35:35 AM) [ROUTE-1] routeModMenu called: tab=catalogue_negotiation type=media
[3745] (12:35:35 AM) [ROUTE-4] Tab rendered. Deferring animations to next tick...
[3745] (12:35:35 AM) [ROUTE-9] routeModMenu returning.
[3745] (12:35:36 AM) [ROUTE-1] routeModMenu called: tab=film_subs type=media
[3745] (12:35:36 AM) [ROUTE-2] About to call csRenderFilmSubsTab
[3745] (12:35:36 AM) [FILM-1] csRenderFilmSubsTab: entered
[3745] (12:35:36 AM) [FILM-2] Studio count: 12
[3745] (12:35:36 AM) [FILM-3] Studios sorted OK.
[3745] (12:35:36 AM) [FILM-4] Sort UI built. Building 12 cards...
[3745] (12:35:36 AM) [FILM-5] Building card 0 for: Sony Pictures Gaming id=MS_3 shares=100 val=17999283
[3745] (12:35:36 AM) [FILM-5b] Card 0 built OK.
[3745] (12:35:36 AM) [FILM-5] Building card 1 for: Blumhouse Interactive id=MS_11 shares=0 val=46562741
[3745] (12:35:36 AM) [FILM-5b] Card 1 built OK.
[3745] (12:35:36 AM) [FILM-5] Building card 2 for: Warner Bros. Digital id=MS_2 shares=0 val=56818405
[3745] (12:35:36 AM) [FILM-5b] Card 2 built OK.
[3745] (12:35:36 AM) [FILM-5] Building card 3 for: A24 Interactive id=MS_6 shares=0 val=71822483
[3745] (12:35:36 AM) [FILM-5b] Card 3 built OK.
[3745] (12:35:36 AM) [FILM-5] Building card 4 for: Disney Interactive Reborn id=MS_4 shares=0 val=51880895
[3745] (12:35:36 AM) [FILM-5b] Card 4 built OK.
[3745] (12:35:36 AM) [FILM-5] Building card 5 for: Lionsgate Games id=MS_5 shares=0 val=43306824
[3745] (12:35:36 AM) [FILM-5b] Card 5 built OK.
[3745] (12:35:36 AM) [FILM-5] Building card 6 for: Universal Pixels id=MS_1 shares=0 val=52029568
[3745] (12:35:36 AM) [FILM-5b] Card 6 built OK.
[3745] (12:35:36 AM) [FILM-5] Building card 7 for: Netflix Films & Games id=MS_7 shares=0 val=55223260
[3745] (12:35:36 AM) [FILM-5b] Card 7 built OK.
[3745] (12:35:36 AM) [FILM-5] Building card 8 for: Apple TV+ Studios id=MS_8 shares=0 val=86240352
[3745] (12:35:36 AM) [FILM-5b] Card 8 built OK.
[3745] (12:35:36 AM) [FILM-5] Building card 9 for: MGM Digital id=MS_9 shares=0 val=62343087
[3745] (12:35:36 AM) [FILM-5b] Card 9 built OK.
[3745] (12:35:36 AM) [FILM-5] Building card 10 for: Legendary Games id=MS_10 shares=0 val=81683480
[3745] (12:35:36 AM) [FILM-5b] Card 10 built OK.
[3745] (12:35:36 AM) [FILM-5] Building card 11 for: Paramount Interactive id=MS_0 shares=0 val=54721234
[3745] (12:35:36 AM) [FILM-5b] Card 11 built OK.
[3745] (12:35:36 AM) [FILM-6] All cards built. Appending to container.
[3745] (12:35:36 AM) [FILM-7] csRenderFilmSubsTab returning.
[3745] (12:35:36 AM) [ROUTE-3] csRenderFilmSubsTab completed OK.
[3745] (12:35:36 AM) [ROUTE-4] Tab rendered. Deferring animations to next tick...
[3745] (12:35:36 AM) [ROUTE-9] routeModMenu returning.
[3745] (12:35:40 AM) [ROUTE-1] routeModMenu called: tab=market type=studios
[3745] (12:35:40 AM) [ROUTE-4] Tab rendered. Deferring animations to next tick...
[3745] (12:35:40 AM) [ROUTE-9] routeModMenu returning.
[3746] (12:36:13 AM) [ROUTE-1] routeModMenu called: tab=market type=studios
[3746] (12:36:13 AM) [ROUTE-4] Tab rendered. Deferring animations to next tick...
[3746] (12:36:13 AM) [ROUTE-9] routeModMenu returning.
[3746] (12:36:29 AM) [ROUTE-1] routeModMenu called: tab=dlc type=studios
[3746] (12:36:29 AM) [ROUTE-4] Tab rendered. Deferring animations to next tick...
[3746] (12:36:29 AM) [ROUTE-9] routeModMenu returning.
[3746] (12:36:31 AM) [ROUTE-1] routeModMenu called: tab=leaderboard type=studios
[3746] (12:36:31 AM) [ROUTE-4] Tab rendered. Deferring animations to next tick...
[3746] (12:36:31 AM) [ROUTE-9] routeModMenu returning.
[3746] (12:36:31 AM) [ROUTE-1] routeModMenu called: tab=schedule type=studios
[3746] (12:36:31 AM) [ROUTE-4] Tab rendered. Deferring animations to next tick...
[3746] (12:36:31 AM) [ROUTE-9] routeModMenu returning.
[3746] (12:36:32 AM) [ROUTE-1] routeModMenu called: tab=publishing type=studios
[3746] (12:36:32 AM) [ROUTE-4] Tab rendered. Deferring animations to next tick...
[3746] (12:36:32 AM) [ROUTE-9] routeModMenu returning.
[3746] (12:36:33 AM) [ROUTE-1] routeModMenu called: tab=subsidiaries type=studios
[3746] (12:36:33 AM) [ROUTE-4] Tab rendered. Deferring animations to next tick...
[3746] (12:36:33 AM) [ROUTE-9] routeModMenu returning.
[3746] (12:36:35 AM) [ROUTE-1] routeModMenu called: tab=debug type=studios
[3746] (12:36:35 AM) [ROUTE-4] Tab rendered. Deferring animations to next tick...
[3746] (12:36:35 AM) [ROUTE-9] routeModMenu returning.
[3746] (12:37:05 AM) [ROUTE-1] routeModMenu called: tab=market type=studios
[3746] (12:37:05 AM) [ROUTE-4] Tab rendered. Deferring animations to next tick...
[3746] (12:37:05 AM) [ROUTE-9] routeModMenu returning.
[3746] (12:37:23 AM) [ROUTE-1] routeModMenu called: tab=subsidiaries type=studios
[3746] (12:37:23 AM) [ROUTE-4] Tab rendered. Deferring animations to next tick...
[3746] (12:37:23 AM) [ROUTE-9] routeModMenu returning.
[3746] (12:37:24 AM) [ROUTE-1] routeModMenu called: tab=publishing type=studios
[3746] (12:37:24 AM) [ROUTE-4] Tab rendered. Deferring animations to next tick...
[3746] (12:37:24 AM) [ROUTE-9] routeModMenu returning.
[3746] (12:37:24 AM) [ROUTE-1] routeModMenu called: tab=schedule type=studios
[3746] (12:37:24 AM) [ROUTE-4] Tab rendered. Deferring animations to next tick...
[3746] (12:37:24 AM) [ROUTE-9] routeModMenu returning.
[3746] (12:37:25 AM) [ROUTE-1] routeModMenu called: tab=leaderboard type=studios
[3746] (12:37:25 AM) [ROUTE-4] Tab rendered. Deferring animations to next tick...
[3746] (12:37:25 AM) [ROUTE-9] routeModMenu returning.
[3746] (12:37:26 AM) [ROUTE-1] routeModMenu called: tab=dlc type=studios
[3746] (12:37:26 AM) [ROUTE-4] Tab rendered. Deferring animations to next tick...
[3746] (12:37:26 AM) [ROUTE-9] routeModMenu returning.
[3746] (12:37:26 AM) [ROUTE-1] routeModMenu called: tab=franchises type=studios
[3746] (12:37:26 AM) [ROUTE-4] Tab rendered. Deferring animations to next tick...
[3746] (12:37:26 AM) [ROUTE-9] routeModMenu returning.
[3746] (12:37:27 AM) [ROUTE-1] routeModMenu called: tab=marketing type=studios
[3746] (12:37:27 AM) [ROUTE-4] Tab rendered. Deferring animations to next tick...
[3746] (12:37:27 AM) [ROUTE-9] routeModMenu returning.
[3746] (12:37:28 AM) [ROUTE-1] routeModMenu called: tab=settings type=studios
[3746] (12:37:28 AM) [ROUTE-4] Tab rendered. Deferring animations to next tick...
[3746] (12:37:28 AM) [ROUTE-9] routeModMenu returning.
[3746] (12:37:29 AM) [ROUTE-1] routeModMenu called: tab=debug type=studios
[3746] (12:37:29 AM) [ROUTE-4] Tab rendered. Deferring animations to next tick...
[3746] (12:37:29 AM) [ROUTE-9] routeModMenu returning.
[3746] (12:37:30 AM) [ROUTE-1] routeModMenu called: tab=settings type=studios
[3746] (12:37:30 AM) [ROUTE-4] Tab rendered. Deferring animations to next tick...
[3746] (12:37:30 AM) [ROUTE-9] routeModMenu returning.
[3744] (12:44:32 AM) [ROUTE-1] routeModMenu called: tab=film_subs type=media
[3744] (12:44:32 AM) [ROUTE-2] About to call csRenderFilmSubsTab
[3744] (12:44:32 AM) [FILM-1] csRenderFilmSubsTab: entered
[3744] (12:44:32 AM) [FILM-2] Studio count: 12
[3744] (12:44:32 AM) [FILM-3] Studios sorted OK.
[3744] (12:44:32 AM) [FILM-4] Sort UI built. Building 12 cards...
[3744] (12:44:32 AM) [FILM-5] Building card 0 for: Sony Pictures Gaming id=MS_3 shares=100 val=17999283
[3744] (12:44:32 AM) [FILM-5b] Card 0 built OK.
[3744] (12:44:32 AM) [FILM-5] Building card 1 for: Paramount Interactive id=MS_0 shares=0 val=54721234
[3744] (12:44:32 AM) [FILM-5b] Card 1 built OK.
[3744] (12:44:32 AM) [FILM-5] Building card 2 for: Warner Bros. Digital id=MS_2 shares=0 val=56818405
[3744] (12:44:32 AM) [FILM-5b] Card 2 built OK.
[3744] (12:44:32 AM) [FILM-5] Building card 3 for: A24 Interactive id=MS_6 shares=0 val=71465158
[3744] (12:44:32 AM) [FILM-5b] Card 3 built OK.
[3744] (12:44:32 AM) [FILM-5] Building card 4 for: Disney Interactive Reborn id=MS_4 shares=0 val=51880895
[3744] (12:44:32 AM) [FILM-5b] Card 4 built OK.
[3744] (12:44:32 AM) [FILM-5] Building card 5 for: Lionsgate Games id=MS_5 shares=0 val=43306824
[3744] (12:44:32 AM) [FILM-5b] Card 5 built OK.
[3744] (12:44:32 AM) [FILM-5] Building card 6 for: Blumhouse Interactive id=MS_11 shares=0 val=46562741
[3744] (12:44:32 AM) [FILM-5b] Card 6 built OK.
[3744] (12:44:32 AM) [FILM-5] Building card 7 for: Netflix Films & Games id=MS_7 shares=0 val=55223260
[3744] (12:44:32 AM) [FILM-5b] Card 7 built OK.
[3744] (12:44:32 AM) [FILM-5] Building card 8 for: Apple TV+ Studios id=MS_8 shares=0 val=86240352
[3744] (12:44:32 AM) [FILM-5b] Card 8 built OK.
[3744] (12:44:32 AM) [FILM-5] Building card 9 for: MGM Digital id=MS_9 shares=0 val=62343087
[3744] (12:44:32 AM) [FILM-5b] Card 9 built OK.
[3744] (12:44:32 AM) [FILM-5] Building card 10 for: Legendary Games id=MS_10 shares=0 val=81683480
[3744] (12:44:32 AM) [FILM-5b] Card 10 built OK.
[3744] (12:44:32 AM) [FILM-5] Building card 11 for: Universal Pixels id=MS_1 shares=0 val=52029568
[3744] (12:44:32 AM) [FILM-5b] Card 11 built OK.
[3744] (12:44:32 AM) [FILM-6] All cards built. Appending to container.
[3744] (12:44:32 AM) [FILM-7] csRenderFilmSubsTab returning.
[3744] (12:44:32 AM) [ROUTE-3] csRenderFilmSubsTab completed OK.
[3744] (12:44:32 AM) [ROUTE-4] Tab rendered. Fast animation...
[3744] (12:44:32 AM) [ROUTE-9] routeModMenu returning.
[3744] (12:44:37 AM) [ROUTE-1] routeModMenu called: tab=market type=studios
[3744] (12:44:37 AM) [ROUTE-4] Tab rendered. Fast animation...
[3744] (12:44:37 AM) [ROUTE-9] routeModMenu returning.
[3744] (12:44:51 AM) [ROUTE-1] routeModMenu called: tab=subsidiaries type=studios
[3744] (12:44:51 AM) [ROUTE-4] Tab rendered. Fast animation...
[3744] (12:44:51 AM) [ROUTE-9] routeModMenu returning.
[3744] (12:44:54 AM) [ROUTE-1] routeModMenu called: tab=publishing type=studios
[3744] (12:44:54 AM) [ROUTE-4] Tab rendered. Fast animation...
[3744] (12:44:54 AM) [ROUTE-9] routeModMenu returning.
[3744] (12:44:55 AM) [ROUTE-1] routeModMenu called: tab=schedule type=studios
[3744] (12:44:55 AM) [ROUTE-4] Tab rendered. Fast animation...
[3744] (12:44:55 AM) [ROUTE-9] routeModMenu returning.
[3744] (12:44:56 AM) [ROUTE-1] routeModMenu called: tab=leaderboard type=studios
[3744] (12:44:56 AM) [ROUTE-4] Tab rendered. Fast animation...
[3744] (12:44:56 AM) [ROUTE-9] routeModMenu returning.
[3744] (12:44:57 AM) [ROUTE-1] routeModMenu called: tab=franchises type=studios
[3744] (12:44:57 AM) [ROUTE-4] Tab rendered. Fast animation...
[3744] (12:44:57 AM) [ROUTE-9] routeModMenu returning.
[3744] (12:44:58 AM) [ROUTE-1] routeModMenu called: tab=debug type=studios
[3744] (12:44:58 AM) [ROUTE-4] Tab rendered. Fast animation...
[3744] (12:44:58 AM) [ROUTE-9] routeModMenu returning.
[3744] (12:44:59 AM) [ROUTE-1] routeModMenu called: tab=settings type=studios
[3744] (12:44:59 AM) [ROUTE-4] Tab rendered. Fast animation...
[3744] (12:44:59 AM) [ROUTE-9] routeModMenu returning.
[3744] (12:45:00 AM) [ROUTE-1] routeModMenu called: tab=marketing type=studios
[3744] (12:45:00 AM) [ROUTE-4] Tab rendered. Fast animation...
[3744] (12:45:00 AM) [ROUTE-9] routeModMenu returning.
[3744] (12:45:01 AM) [ROUTE-1] routeModMenu called: tab=franchises type=studios
[3744] (12:45:01 AM) [ROUTE-4] Tab rendered. Fast animation...
[3744] (12:45:01 AM) [ROUTE-9] routeModMenu returning.
[3744] (12:45:06 AM) [ROUTE-1] routeModMenu called: tab=film_subs type=media
[3744] (12:45:06 AM) [ROUTE-2] About to call csRenderFilmSubsTab
[3744] (12:45:06 AM) [FILM-1] csRenderFilmSubsTab: entered
[3744] (12:45:06 AM) [FILM-2] Studio count: 12
[3744] (12:45:06 AM) [FILM-3] Studios sorted OK.
[3744] (12:45:06 AM) [FILM-4] Sort UI built. Building 12 cards...
[3744] (12:45:06 AM) [FILM-5] Building card 0 for: Sony Pictures Gaming id=MS_3 shares=100 val=17999283
[3744] (12:45:06 AM) [FILM-5b] Card 0 built OK.
[3744] (12:45:06 AM) [FILM-5] Building card 1 for: Universal Pixels id=MS_1 shares=0 val=52029568
[3744] (12:45:06 AM) [FILM-5b] Card 1 built OK.
[3744] (12:45:06 AM) [FILM-5] Building card 2 for: Warner Bros. Digital id=MS_2 shares=0 val=56818405
[3744] (12:45:06 AM) [FILM-5b] Card 2 built OK.
[3744] (12:45:06 AM) [FILM-5] Building card 3 for: A24 Interactive id=MS_6 shares=0 val=71465158
[3744] (12:45:06 AM) [FILM-5b] Card 3 built OK.
[3744] (12:45:06 AM) [FILM-5] Building card 4 for: Disney Interactive Reborn id=MS_4 shares=0 val=51880895
[3744] (12:45:06 AM) [FILM-5b] Card 4 built OK.
[3744] (12:45:06 AM) [FILM-5] Building card 5 for: Lionsgate Games id=MS_5 shares=0 val=43306824
[3744] (12:45:06 AM) [FILM-5b] Card 5 built OK.
[3744] (12:45:06 AM) [FILM-5] Building card 6 for: Paramount Interactive id=MS_0 shares=0 val=54721234
[3744] (12:45:06 AM) [FILM-5b] Card 6 built OK.
[3744] (12:45:06 AM) [FILM-5] Building card 7 for: Netflix Films & Games id=MS_7 shares=0 val=55223260
[3744] (12:45:06 AM) [FILM-5b] Card 7 built OK.
[3744] (12:45:06 AM) [FILM-5] Building card 8 for: Apple TV+ Studios id=MS_8 shares=0 val=86240352
[3744] (12:45:06 AM) [FILM-5b] Card 8 built OK.
[3744] (12:45:06 AM) [FILM-5] Building card 9 for: MGM Digital id=MS_9 shares=0 val=62343087
[3744] (12:45:06 AM) [FILM-5b] Card 9 built OK.
[3744] (12:45:06 AM) [FILM-5] Building card 10 for: Legendary Games id=MS_10 shares=0 val=81683480
[3744] (12:45:06 AM) [FILM-5b] Card 10 built OK.
[3744] (12:45:06 AM) [FILM-5] Building card 11 for: Blumhouse Interactive id=MS_11 shares=0 val=46562741
[3744] (12:45:06 AM) [FILM-5b] Card 11 built OK.
[3744] (12:45:06 AM) [FILM-6] All cards built. Appending to container.
[3744] (12:45:06 AM) [FILM-7] csRenderFilmSubsTab returning.
[3744] (12:45:06 AM) [ROUTE-3] csRenderFilmSubsTab completed OK.
[3744] (12:45:06 AM) [ROUTE-4] Tab rendered. Fast animation...
[3744] (12:45:06 AM) [ROUTE-9] routeModMenu returning.
[3744] (12:45:09 AM) [ROUTE-1] routeModMenu called: tab=catalogue_negotiation type=media
[3744] (12:45:09 AM) [ROUTE-4] Tab rendered. Fast animation...
[3744] (12:45:09 AM) [ROUTE-9] routeModMenu returning.
[3744] (12:45:10 AM) Catalogue deal signed with Universal Pixels
[3744] (12:45:13 AM) [ROUTE-1] routeModMenu called: tab=film_subs type=media
[3744] (12:45:13 AM) [ROUTE-2] About to call csRenderFilmSubsTab
[3744] (12:45:13 AM) [FILM-1] csRenderFilmSubsTab: entered
[3744] (12:45:13 AM) [FILM-2] Studio count: 12
[3744] (12:45:13 AM) [FILM-3] Studios sorted OK.
[3744] (12:45:13 AM) [FILM-4] Sort UI built. Building 12 cards...
[3744] (12:45:13 AM) [FILM-5] Building card 0 for: Sony Pictures Gaming id=MS_3 shares=100 val=17999283
[3744] (12:45:13 AM) [FILM-5b] Card 0 built OK.
[3744] (12:45:13 AM) [FILM-5] Building card 1 for: Blumhouse Interactive id=MS_11 shares=0 val=46562741
[3744] (12:45:13 AM) [FILM-5b] Card 1 built OK.
[3744] (12:45:13 AM) [FILM-5] Building card 2 for: Warner Bros. Digital id=MS_2 shares=0 val=56818405
[3744] (12:45:13 AM) [FILM-5b] Card 2 built OK.
[3744] (12:45:13 AM) [FILM-5] Building card 3 for: A24 Interactive id=MS_6 shares=0 val=71465158
[3744] (12:45:13 AM) [FILM-5b] Card 3 built OK.
[3744] (12:45:13 AM) [FILM-5] Building card 4 for: Disney Interactive Reborn id=MS_4 shares=0 val=51880895
[3744] (12:45:13 AM) [FILM-5b] Card 4 built OK.
[3744] (12:45:13 AM) [FILM-5] Building card 5 for: Lionsgate Games id=MS_5 shares=0 val=43306824
[3744] (12:45:13 AM) [FILM-5b] Card 5 built OK.
[3744] (12:45:13 AM) [FILM-5] Building card 6 for: Universal Pixels id=MS_1 shares=0 val=52029568
[3744] (12:45:13 AM) [FILM-5b] Card 6 built OK.
[3744] (12:45:13 AM) [FILM-5] Building card 7 for: Netflix Films & Games id=MS_7 shares=0 val=55223260
[3744] (12:45:13 AM) [FILM-5b] Card 7 built OK.
[3744] (12:45:13 AM) [FILM-5] Building card 8 for: Apple TV+ Studios id=MS_8 shares=0 val=86240352
[3744] (12:45:13 AM) [FILM-5b] Card 8 built OK.
[3744] (12:45:13 AM) [FILM-5] Building card 9 for: MGM Digital id=MS_9 shares=0 val=62343087
[3744] (12:45:13 AM) [FILM-5b] Card 9 built OK.
[3744] (12:45:13 AM) [FILM-5] Building card 10 for: Legendary Games id=MS_10 shares=0 val=81683480
[3744] (12:45:13 AM) [FILM-5b] Card 10 built OK.
[3744] (12:45:13 AM) [FILM-5] Building card 11 for: Paramount Interactive id=MS_0 shares=0 val=54721234
[3744] (12:45:13 AM) [FILM-5b] Card 11 built OK.
[3744] (12:45:13 AM) [FILM-6] All cards built. Appending to container.
[3744] (12:45:13 AM) [FILM-7] csRenderFilmSubsTab returning.
[3744] (12:45:13 AM) [ROUTE-3] csRenderFilmSubsTab completed OK.
[3744] (12:45:13 AM) [ROUTE-4] Tab rendered. Fast animation...
[3744] (12:45:13 AM) [ROUTE-9] routeModMenu returning.
[3744] (12:45:13 AM) [ROUTE-1] routeModMenu called: tab=catalogue_negotiation type=media
[3744] (12:45:13 AM) [ROUTE-4] Tab rendered. Fast animation...
[3744] (12:45:13 AM) [ROUTE-9] routeModMenu returning.
[3744] (12:45:17 AM) [ROUTE-1] routeModMenu called: tab=film_subs type=media
[3744] (12:45:17 AM) [ROUTE-2] About to call csRenderFilmSubsTab
[3744] (12:45:17 AM) [FILM-1] csRenderFilmSubsTab: entered
[3744] (12:45:17 AM) [FILM-2] Studio count: 12
[3744] (12:45:17 AM) [FILM-3] Studios sorted OK.
[3744] (12:45:17 AM) [FILM-4] Sort UI built. Building 12 cards...
[3744] (12:45:17 AM) [FILM-5] Building card 0 for: Sony Pictures Gaming id=MS_3 shares=100 val=17999283
[3744] (12:45:17 AM) [FILM-5b] Card 0 built OK.
[3744] (12:45:17 AM) [FILM-5] Building card 1 for: Paramount Interactive id=MS_0 shares=0 val=54721234
[3744] (12:45:17 AM) [FILM-5b] Card 1 built OK.
[3744] (12:45:17 AM) [FILM-5] Building card 2 for: Warner Bros. Digital id=MS_2 shares=0 val=56818405
[3744] (12:45:17 AM) [FILM-5b] Card 2 built OK.
[3744] (12:45:17 AM) [FILM-5] Building card 3 for: A24 Interactive id=MS_6 shares=0 val=71465158
[3744] (12:45:17 AM) [FILM-5b] Card 3 built OK.
[3744] (12:45:17 AM) [FILM-5] Building card 4 for: Disney Interactive Reborn id=MS_4 shares=0 val=51880895
[3744] (12:45:17 AM) [FILM-5b] Card 4 built OK.
[3744] (12:45:17 AM) [FILM-5] Building card 5 for: Lionsgate Games id=MS_5 shares=0 val=43306824
[3744] (12:45:17 AM) [FILM-5b] Card 5 built OK.
[3744] (12:45:17 AM) [FILM-5] Building card 6 for: Blumhouse Interactive id=MS_11 shares=0 val=46562741
[3744] (12:45:17 AM) [FILM-5b] Card 6 built OK.
[3744] (12:45:17 AM) [FILM-5] Building card 7 for: Netflix Films & Games id=MS_7 shares=0 val=55223260
[3744] (12:45:17 AM) [FILM-5b] Card 7 built OK.
[3744] (12:45:17 AM) [FILM-5] Building card 8 for: Apple TV+ Studios id=MS_8 shares=0 val=86240352
[3744] (12:45:17 AM) [FILM-5b] Card 8 built OK.
[3744] (12:45:17 AM) [FILM-5] Building card 9 for: MGM Digital id=MS_9 shares=0 val=62343087
[3744] (12:45:17 AM) [FILM-5b] Card 9 built OK.
[3744] (12:45:17 AM) [FILM-5] Building card 10 for: Legendary Games id=MS_10 shares=0 val=81683480
[3744] (12:45:17 AM) [FILM-5b] Card 10 built OK.
[3744] (12:45:17 AM) [FILM-5] Building card 11 for: Universal Pixels id=MS_1 shares=0 val=52029568
[3744] (12:45:17 AM) [FILM-5b] Card 11 built OK.
[3744] (12:45:17 AM) [FILM-6] All cards built. Appending to container.
[3744] (12:45:17 AM) [FILM-7] csRenderFilmSubsTab returning.
[3744] (12:45:17 AM) [ROUTE-3] csRenderFilmSubsTab completed OK.
[3744] (12:45:17 AM) [ROUTE-4] Tab rendered. Fast animation...
[3744] (12:45:17 AM) [ROUTE-9] routeModMenu returning.
[3744] (12:45:41 AM) [ROUTE-1] routeModMenu called: tab=catalogue_negotiation type=media
[3744] (12:45:41 AM) [ROUTE-4] Tab rendered. Fast animation...
[3744] (12:45:41 AM) [ROUTE-9] routeModMenu returning.
[3744] (12:45:42 AM) [ROUTE-1] routeModMenu called: tab=licensing_review type=media
[3744] (12:45:42 AM) [ROUTE-4] Tab rendered. Fast animation...
[3744] (12:45:42 AM) [ROUTE-9] routeModMenu returning.
[3744] (12:45:43 AM) [ROUTE-1] routeModMenu called: tab=catalogue_negotiation type=media
[3744] (12:45:43 AM) [ROUTE-4] Tab rendered. Fast animation...
[3744] (12:45:43 AM) [ROUTE-9] routeModMenu returning.
[3744] (12:45:44 AM) [ROUTE-1] routeModMenu called: tab=film_subs type=media
[3744] (12:45:44 AM) [ROUTE-2] About to call csRenderFilmSubsTab
[3744] (12:45:44 AM) [FILM-1] csRenderFilmSubsTab: entered
[3744] (12:45:44 AM) [FILM-2] Studio count: 12
[3744] (12:45:44 AM) [FILM-3] Studios sorted OK.
[3744] (12:45:44 AM) [FILM-4] Sort UI built. Building 12 cards...
[3744] (12:45:44 AM) [FILM-5] Building card 0 for: Sony Pictures Gaming id=MS_3 shares=100 val=17999283
[3744] (12:45:44 AM) [FILM-5b] Card 0 built OK.
[3744] (12:45:44 AM) [FILM-5] Building card 1 for: Universal Pixels id=MS_1 shares=0 val=52029568
[3744] (12:45:44 AM) [FILM-5b] Card 1 built OK.
[3744] (12:45:44 AM) [FILM-5] Building card 2 for: Warner Bros. Digital id=MS_2 shares=0 val=56818405
[3744] (12:45:44 AM) [FILM-5b] Card 2 built OK.
[3744] (12:45:44 AM) [FILM-5] Building card 3 for: A24 Interactive id=MS_6 shares=0 val=71465158
[3744] (12:45:44 AM) [FILM-5b] Card 3 built OK.
[3744] (12:45:44 AM) [FILM-5] Building card 4 for: Disney Interactive Reborn id=MS_4 shares=0 val=51880895
[3744] (12:45:44 AM) [FILM-5b] Card 4 built OK.
[3744] (12:45:44 AM) [FILM-5] Building card 5 for: Lionsgate Games id=MS_5 shares=0 val=43306824
[3744] (12:45:44 AM) [FILM-5b] Card 5 built OK.
[3744] (12:45:44 AM) [FILM-5] Building card 6 for: Paramount Interactive id=MS_0 shares=0 val=54721234
[3744] (12:45:44 AM) [FILM-5b] Card 6 built OK.
[3744] (12:45:44 AM) [FILM-5] Building card 7 for: Netflix Films & Games id=MS_7 shares=0 val=55223260
[3744] (12:45:44 AM) [FILM-5b] Card 7 built OK.
[3744] (12:45:44 AM) [FILM-5] Building card 8 for: Apple TV+ Studios id=MS_8 shares=0 val=86240352
[3744] (12:45:44 AM) [FILM-5b] Card 8 built OK.
[3744] (12:45:44 AM) [FILM-5] Building card 9 for: MGM Digital id=MS_9 shares=0 val=62343087
[3744] (12:45:44 AM) [FILM-5b] Card 9 built OK.
[3744] (12:45:44 AM) [FILM-5] Building card 10 for: Legendary Games id=MS_10 shares=0 val=81683480
[3744] (12:45:44 AM) [FILM-5b] Card 10 built OK.
[3744] (12:45:44 AM) [FILM-5] Building card 11 for: Blumhouse Interactive id=MS_11 shares=0 val=46562741
[3744] (12:45:44 AM) [FILM-5b] Card 11 built OK.
[3744] (12:45:44 AM) [FILM-6] All cards built. Appending to container.
[3744] (12:45:44 AM) [FILM-7] csRenderFilmSubsTab returning.
[3744] (12:45:44 AM) [ROUTE-3] csRenderFilmSubsTab completed OK.
[3744] (12:45:44 AM) [ROUTE-4] Tab rendered. Fast animation...
[3744] (12:45:44 AM) [ROUTE-9] routeModMenu returning.
[3744] (12:45:46 AM) [ROUTE-1] routeModMenu called: tab=catalogue_negotiation type=media
[3744] (12:45:46 AM) [ROUTE-4] Tab rendered. Fast animation...
[3744] (12:45:46 AM) [ROUTE-9] routeModMenu returning.
[3744] (1:00:35 AM) [ROUTE-1] routeModMenu called: tab=film_subs type=media
[3744] (1:00:35 AM) [ROUTE-2] About to call csRenderFilmSubsTab
[3744] (1:00:35 AM) [FILM-1] csRenderFilmSubsTab: entered
[3744] (1:00:35 AM) [FILM-2] Studio count: 12
[3744] (1:00:35 AM) [FILM-3] Studios sorted OK.
[3744] (1:00:35 AM) [FILM-4] Sort UI built. Building 12 cards...
[3744] (1:00:35 AM) [FILM-5] Building card 0 for: Sony Pictures Gaming id=MS_3 shares=100 val=17999283
[3744] (1:00:35 AM) [FILM-5b] Card 0 built OK.
[3744] (1:00:35 AM) [FILM-5] Building card 1 for: Blumhouse Interactive id=MS_11 shares=0 val=46562741
[3744] (1:00:35 AM) [FILM-5b] Card 1 built OK.
[3744] (1:00:35 AM) [FILM-5] Building card 2 for: Warner Bros. Digital id=MS_2 shares=0 val=56818405
[3744] (1:00:35 AM) [FILM-5b] Card 2 built OK.
[3744] (1:00:35 AM) [FILM-5] Building card 3 for: A24 Interactive id=MS_6 shares=0 val=71465158
[3744] (1:00:35 AM) [FILM-5b] Card 3 built OK.
[3744] (1:00:35 AM) [FILM-5] Building card 4 for: Disney Interactive Reborn id=MS_4 shares=0 val=51880895
[3744] (1:00:35 AM) [FILM-5b] Card 4 built OK.
[3744] (1:00:35 AM) [FILM-5] Building card 5 for: Lionsgate Games id=MS_5 shares=0 val=43306824
[3744] (1:00:35 AM) [FILM-5b] Card 5 built OK.
[3744] (1:00:35 AM) [FILM-5] Building card 6 for: Universal Pixels id=MS_1 shares=0 val=52029568
[3744] (1:00:35 AM) [FILM-5b] Card 6 built OK.
[3744] (1:00:35 AM) [FILM-5] Building card 7 for: Netflix Films & Games id=MS_7 shares=0 val=55223260
[3744] (1:00:35 AM) [FILM-5b] Card 7 built OK.
[3744] (1:00:35 AM) [FILM-5] Building card 8 for: Apple TV+ Studios id=MS_8 shares=0 val=86240352
[3744] (1:00:35 AM) [FILM-5b] Card 8 built OK.
[3744] (1:00:35 AM) [FILM-5] Building card 9 for: MGM Digital id=MS_9 shares=0 val=62343087
[3744] (1:00:35 AM) [FILM-5b] Card 9 built OK.
[3744] (1:00:35 AM) [FILM-5] Building card 10 for: Legendary Games id=MS_10 shares=0 val=81683480
[3744] (1:00:35 AM) [FILM-5b] Card 10 built OK.
[3744] (1:00:35 AM) [FILM-5] Building card 11 for: Paramount Interactive id=MS_0 shares=0 val=54721234
[3744] (1:00:35 AM) [FILM-5b] Card 11 built OK.
[3744] (1:00:35 AM) [FILM-6] All cards built. Appending to container.
[3744] (1:00:35 AM) [FILM-7] csRenderFilmSubsTab returning.
[3744] (1:00:35 AM) [ROUTE-3] csRenderFilmSubsTab completed OK.
[3744] (1:00:35 AM) [ROUTE-4] Tab rendered. Fast animation...
[3744] (1:00:35 AM) [ROUTE-9] routeModMenu returning.
[3744] (1:03:45 AM) [ROUTE-1] routeModMenu called: tab=film_subs type=media
[3744] (1:03:45 AM) [ROUTE-2] About to call csRenderFilmSubsTab
[3744] (1:03:45 AM) [FILM-1] csRenderFilmSubsTab: entered
[3744] (1:03:45 AM) [FILM-2] Studio count: 12
[3744] (1:03:45 AM) [FILM-3] Studios sorted OK.
[3744] (1:03:45 AM) [FILM-4] Sort UI built. Building 12 cards...
[3744] (1:03:45 AM) [FILM-5] Building card 0 for: Sony Pictures Gaming id=MS_3 shares=100 val=17999283
[3744] (1:03:45 AM) [FILM-5b] Card 0 built OK.
[3744] (1:03:45 AM) [FILM-5] Building card 1 for: Paramount Interactive id=MS_0 shares=0 val=54721234
[3744] (1:03:45 AM) [FILM-5b] Card 1 built OK.
[3744] (1:03:45 AM) [FILM-5] Building card 2 for: Warner Bros. Digital id=MS_2 shares=0 val=56818405
[3744] (1:03:45 AM) [FILM-5b] Card 2 built OK.
[3744] (1:03:45 AM) [FILM-5] Building card 3 for: A24 Interactive id=MS_6 shares=0 val=71465158
[3744] (1:03:45 AM) [FILM-5b] Card 3 built OK.
[3744] (1:03:45 AM) [FILM-5] Building card 4 for: Disney Interactive Reborn id=MS_4 shares=0 val=51880895
[3744] (1:03:45 AM) [FILM-5b] Card 4 built OK.
[3744] (1:03:45 AM) [FILM-5] Building card 5 for: Lionsgate Games id=MS_5 shares=0 val=43306824
[3744] (1:03:45 AM) [FILM-5b] Card 5 built OK.
[3744] (1:03:45 AM) [FILM-5] Building card 6 for: Blumhouse Interactive id=MS_11 shares=0 val=46562741
[3744] (1:03:45 AM) [FILM-5b] Card 6 built OK.
[3744] (1:03:45 AM) [FILM-5] Building card 7 for: Netflix Films & Games id=MS_7 shares=0 val=55223260
[3744] (1:03:45 AM) [FILM-5b] Card 7 built OK.
[3744] (1:03:45 AM) [FILM-5] Building card 8 for: Apple TV+ Studios id=MS_8 shares=0 val=86240352
[3744] (1:03:45 AM) [FILM-5b] Card 8 built OK.
[3744] (1:03:45 AM) [FILM-5] Building card 9 for: MGM Digital id=MS_9 shares=0 val=62343087
[3744] (1:03:45 AM) [FILM-5b] Card 9 built OK.
[3744] (1:03:45 AM) [FILM-5] Building card 10 for: Legendary Games id=MS_10 shares=0 val=81683480
[3744] (1:03:45 AM) [FILM-5b] Card 10 built OK.
[3744] (1:03:45 AM) [FILM-5] Building card 11 for: Universal Pixels id=MS_1 shares=0 val=52029568
[3744] (1:03:45 AM) [FILM-5b] Card 11 built OK.
[3744] (1:03:45 AM) [FILM-6] All cards built. Appending to container.
[3744] (1:03:45 AM) [FILM-7] csRenderFilmSubsTab returning.
[3744] (1:03:45 AM) [ROUTE-3] csRenderFilmSubsTab completed OK.
[3744] (1:03:45 AM) [ROUTE-4] Tab rendered. Fast animation...
[3744] (1:03:45 AM) [ROUTE-9] routeModMenu returning.
[3744] (1:03:50 AM) [ROUTE-1] routeModMenu called: tab=film_market type=media
[3744] (1:03:50 AM) [ROUTE-4] Tab rendered. Fast animation...
[3744] (1:03:50 AM) [ROUTE-9] routeModMenu returning.
[3744] (1:03:51 AM) [ROUTE-1] routeModMenu called: tab=franchises type=media
[3744] (1:03:51 AM) [ROUTE-4] Tab rendered. Fast animation...
[3744] (1:03:51 AM) [ROUTE-9] routeModMenu returning.
[3744] (1:03:53 AM) [ROUTE-1] routeModMenu called: tab=licensing_review type=media
[3744] (1:03:53 AM) [ROUTE-4] Tab rendered. Fast animation...
[3744] (1:03:53 AM) [ROUTE-9] routeModMenu returning.
[3744] (1:03:54 AM) [ROUTE-1] routeModMenu called: tab=catalogue_negotiation type=media
[3744] (1:03:54 AM) [ROUTE-4] Tab rendered. Fast animation...
[3744] (1:03:54 AM) [ROUTE-9] routeModMenu returning.
[3745] (1:06:06 AM) csProcessMediaStudios: Tick release for A24 Interactive - Title: A24 Interactive Feature, PlayerFunded: false
[3745] (1:06:08 AM) [ROUTE-1] routeModMenu called: tab=film_subs type=media
[3745] (1:06:08 AM) [ROUTE-2] About to call csRenderFilmSubsTab
[3745] (1:06:08 AM) [FILM-1] csRenderFilmSubsTab: entered
[3745] (1:06:08 AM) [FILM-2] Studio count: 12
[3745] (1:06:08 AM) [FILM-3] Studios sorted OK.
[3745] (1:06:08 AM) [FILM-4] Sort UI built. Building 12 cards...
[3745] (1:06:08 AM) [FILM-5] Building card 0 for: Sony Pictures Gaming id=MS_3 shares=100 val=17999283
[3745] (1:06:08 AM) [FILM-5b] Card 0 built OK.
[3745] (1:06:08 AM) [FILM-5] Building card 1 for: Universal Pixels id=MS_1 shares=0 val=52029568
[3745] (1:06:08 AM) [FILM-5b] Card 1 built OK.
[3745] (1:06:08 AM) [FILM-5] Building card 2 for: Warner Bros. Digital id=MS_2 shares=0 val=56818405
[3745] (1:06:08 AM) [FILM-5b] Card 2 built OK.
[3745] (1:06:08 AM) [FILM-5] Building card 3 for: A24 Interactive id=MS_6 shares=0 val=71822483
[3745] (1:06:08 AM) [FILM-5b] Card 3 built OK.
[3745] (1:06:08 AM) [FILM-5] Building card 4 for: Disney Interactive Reborn id=MS_4 shares=0 val=51880895
[3745] (1:06:08 AM) [FILM-5b] Card 4 built OK.
[3745] (1:06:08 AM) [FILM-5] Building card 5 for: Lionsgate Games id=MS_5 shares=0 val=43306824
[3745] (1:06:08 AM) [FILM-5b] Card 5 built OK.
[3745] (1:06:08 AM) [FILM-5] Building card 6 for: Paramount Interactive id=MS_0 shares=0 val=54721234
[3745] (1:06:08 AM) [FILM-5b] Card 6 built OK.
[3745] (1:06:08 AM) [FILM-5] Building card 7 for: Netflix Films & Games id=MS_7 shares=0 val=55223260
[3745] (1:06:08 AM) [FILM-5b] Card 7 built OK.
[3745] (1:06:08 AM) [FILM-5] Building card 8 for: Apple TV+ Studios id=MS_8 shares=0 val=86240352
[3745] (1:06:08 AM) [FILM-5b] Card 8 built OK.
[3745] (1:06:08 AM) [FILM-5] Building card 9 for: MGM Digital id=MS_9 shares=0 val=62343087
[3745] (1:06:08 AM) [FILM-5b] Card 9 built OK.
[3745] (1:06:08 AM) [FILM-5] Building card 10 for: Legendary Games id=MS_10 shares=0 val=81683480
[3745] (1:06:08 AM) [FILM-5b] Card 10 built OK.
[3745] (1:06:08 AM) [FILM-5] Building card 11 for: Blumhouse Interactive id=MS_11 shares=0 val=46562741
[3745] (1:06:08 AM) [FILM-5b] Card 11 built OK.
[3745] (1:06:08 AM) [FILM-6] All cards built. Appending to container.
[3745] (1:06:08 AM) [FILM-7] csRenderFilmSubsTab returning.
[3745] (1:06:08 AM) [ROUTE-3] csRenderFilmSubsTab completed OK.
[3745] (1:06:08 AM) [ROUTE-4] Tab rendered. Fast animation...
[3745] (1:06:08 AM) [ROUTE-9] routeModMenu returning.
[3745] (1:06:09 AM) [ROUTE-1] routeModMenu called: tab=grid_dashboard type=media
[3745] (1:06:09 AM) [ROUTE-4] Tab rendered. Fast animation...
[3745] (1:06:09 AM) [ROUTE-9] routeModMenu returning.
